<?xml version="1.0" encoding="UTF-8"?>
<testng-results ignored="0" total="1" passed="0" failed="1" skipped="0">
  <reporter-output>
  </reporter-output>
  <suite started-at="2026-06-27T14:09:06 EDT" name="Default suite" finished-at="2026-06-27T14:09:06 EDT" duration-ms="21">
    <groups>
    </groups>
    <test started-at="2026-06-27T14:09:06 EDT" name="Default test" finished-at="2026-06-27T14:09:06 EDT" duration-ms="21">
      <class name="org.wipro.automation.rediffmail.testcases.LoginScenario_DDF">
        <test-method signature="tc01_vaildate_login_functionality_vaild_credential(java.lang.String,java.lang.String)[pri:0, instance:org.wipro.automation.rediffmail.testcases.LoginScenario_DDF@6150c3ec]" started-at="2026-06-27T14:09:06 EDT" name="tc01_vaildate_login_functionality_vaild_credential" finished-at="2026-06-27T14:09:06 EDT" duration-ms="0" status="FAIL">
          <exception class="org.testng.TestNGException">
            <message>
              <![CDATA[
Method public void org.wipro.automation.rediffmail.testcases.LoginScenario_DDF.tc01_vaildate_login_functionality_vaild_credential(java.lang.String,java.lang.String) throws java.lang.Exception requires a @DataProvider named : Login in class org.wipro.automation.rediffmail.data.TestDataDriven]]>
            </message>
            <full-stacktrace>
              <![CDATA[org.testng.TestNGException: 
Method public void org.wipro.automation.rediffmail.testcases.LoginScenario_DDF.tc01_vaildate_login_functionality_vaild_credential(java.lang.String,java.lang.String) throws java.lang.Exception requires a @DataProvider named : Login in class org.wipro.automation.rediffmail.data.TestDataDriven
at org.testng.internal.Parameters.findDataProvider(Parameters.java:532)
at org.testng.internal.Parameters.handleParameters(Parameters.java:769)
at org.testng.internal.Parameters.handleParameters(Parameters.java:734)
at org.testng.internal.invokers.ParameterHandler.handleParameters(ParameterHandler.java:72)
at org.testng.internal.invokers.ParameterHandler.createParameters(ParameterHandler.java:51)
at org.testng.internal.invokers.TestInvoker$MethodInvocationAgent.invoke(TestInvoker.java:949)
at org.testng.internal.invokers.TestInvoker.invokeTestMethods(TestInvoker.java:203)
at org.testng.internal.invokers.TestMethodWorker.invokeTestMethods(TestMethodWorker.java:154)
at org.testng.internal.invokers.TestMethodWorker.run(TestMethodWorker.java:134)
at java.base/java.util.ArrayList.forEach(ArrayList.java:1596)
at org.testng.TestRunner.privateRun(TestRunner.java:741)
at org.testng.TestRunner.run(TestRunner.java:616)
at org.testng.SuiteRunner.runTest(SuiteRunner.java:421)
at org.testng.SuiteRunner.runSequentially(SuiteRunner.java:413)
at org.testng.SuiteRunner.privateRun(SuiteRunner.java:373)
at org.testng.SuiteRunner.run(SuiteRunner.java:312)
at org.testng.SuiteRunnerWorker.runSuite(SuiteRunnerWorker.java:52)
at org.testng.SuiteRunnerWorker.run(SuiteRunnerWorker.java:95)
at org.testng.TestNG.runSuitesSequentially(TestNG.java:1274)
at org.testng.TestNG.runSuitesLocally(TestNG.java:1208)
at org.testng.TestNG.runSuites(TestNG.java:1112)
at org.testng.TestNG.run(TestNG.java:1079)
at org.testng.remote.AbstractRemoteTestNG.run(AbstractRemoteTestNG.java:115)
at org.testng.remote.RemoteTestNG.initAndRun(RemoteTestNG.java:293)
at org.testng.remote.RemoteTestNG.main(RemoteTestNG.java:91)
]]>
            </full-stacktrace>
          </exception> <!-- org.testng.TestNGException -->
          <reporter-output>
          </reporter-output>
        </test-method> <!-- tc01_vaildate_login_functionality_vaild_credential -->
      </class> <!-- org.wipro.automation.rediffmail.testcases.LoginScenario_DDF -->
    </test> <!-- Default test -->
  </suite> <!-- Default suite -->
</testng-results>
