<?xml version="1.0" encoding="UTF-8"?>
<!-- Generated by org.testng.reporters.JUnitReportReporter -->
<testsuite hostname="tatianas-iMac" failures="0" tests="6" name="demoTestNG.Testscenario5" time="0.005" errors="0" timestamp="2026-06-10T20:24:18 EDT" skipped="0">
  <testcase classname="demoTestNG.Testscenario5" name="fourth_testcase" time="0.001"/>
  <testcase classname="demoTestNG.Testscenario5" name="second_testcase" time="0.000"/>
  <testcase classname="demoTestNG.Testscenario5" name="first_testcase" time="0.001"/>
  <testcase classname="demoTestNG.Testscenario5" name="fifth_testcase" time="0.002"/>
  <testcase classname="demoTestNG.Testscenario5" name="third_testcase" time="0.000"/>
  <testcase classname="demoTestNG.Testscenario5" name="sixth_testcase" time="0.001"/>
</testsuite> <!-- demoTestNG.Testscenario5 -->
