<?xml version="1.0" encoding="UTF-8"?>
<!-- Generated by org.testng.reporters.JUnitReportReporter -->
<testsuite hostname="tatianas-iMac" failures="0" tests="6" name="demoTestNG.Testscenario2" time="0.004" errors="0" timestamp="2026-06-10T20:24:18 EDT" skipped="0">
  <testcase classname="demoTestNG.Testscenario2" name="second_testcase" time="0.000"/>
  <testcase classname="demoTestNG.Testscenario2" name="first_testcase" time="0.001"/>
  <testcase classname="demoTestNG.Testscenario2" name="fourth_testcase" time="0.001"/>
  <testcase classname="demoTestNG.Testscenario2" name="fifth_testcase" time="0.001"/>
  <testcase classname="demoTestNG.Testscenario2" name="third_testcase" time="0.001"/>
  <testcase classname="demoTestNG.Testscenario2" name="sixth_testcase" time="0.000"/>
</testsuite> <!-- demoTestNG.Testscenario2 -->
