<?xml version="1.0" encoding="UTF-8"?>
<!-- Generated by org.testng.reporters.JUnitReportReporter -->
<testsuite hostname="tatianas-iMac" failures="0" tests="2" name="org.xyz.automation.testcases.HandleCalendar" time="12.545" errors="0" timestamp="2026-06-15T19:06:05 EDT" skipped="1">
  <testcase classname="org.xyz.automation.testcases.HandleCalendar" name="calender_icon" time="12.545"/>
  <testcase classname="org.xyz.automation.testcases.HandleCalendar" name="calender_textbox">
    <skipped/>
  </testcase> <!-- calender_textbox -->
</testsuite> <!-- org.xyz.automation.testcases.HandleCalendar -->
