<?xml version="1.0" encoding="UTF-8"?>
<!-- Generated by org.testng.reporters.JUnitReportReporter -->
<testsuite hostname="iMac" failures="0" tests="1" name="org.wipro.automation.rediffmail.testcases.RegisterScenario" time="37.035" errors="0" timestamp="2026-06-26T02:11:51 EDT" skipped="0">
  <testcase classname="org.wipro.automation.rediffmail.testcases.RegisterScenario" name="tc02_vaildate_register_functionality_vaild_data" time="37.035"/>
</testsuite> <!-- org.wipro.automation.rediffmail.testcases.RegisterScenario -->
