<?xml version="1.0" encoding="UTF-8"?>
<!-- Generated by org.testng.reporters.JUnitReportReporter -->
<testsuite hostname="tatianas-iMac" failures="0" tests="3" name="org.xyz.automation.testcases.HandleKeyboardMouse" time="36.364" errors="0" timestamp="2026-06-23T18:44:51 EDT" skipped="2">
  <testcase classname="org.xyz.automation.testcases.HandleKeyboardMouse" name="handleAlert" time="36.364"/>
  <testcase classname="org.xyz.automation.testcases.HandleKeyboardMouse" name="handleMouse">
    <skipped/>
  </testcase> <!-- handleMouse -->
  <testcase classname="org.xyz.automation.testcases.HandleKeyboardMouse" name="handlekeyboard">
    <skipped/>
  </testcase> <!-- handlekeyboard -->
</testsuite> <!-- org.xyz.automation.testcases.HandleKeyboardMouse -->
