<?xml version="1.0" encoding="UTF-8"?>
<testsuite name="Default test"
           tests="1"
           failures="1"
           errors="0"
           skipped="0"
           time="0.000">
    <properties></properties>

            <testcase
                name="tc01_vaildate_login_functionality_vaild_credential"
                time="0.000"
                classname="org.wipro.automation.rediffmail.testcases.LoginScenario_DDF">

            <failure type="org.testng.TestNGException" message="
Method public void org.wipro.automation.rediffmail.testcases.LoginScenario_DDF.tc01_vaildate_login_functionality_vaild_credential(java.lang.String,java.lang.String) throws java.lang.Exception requires a @DataProvider named : Login in class org.wipro.automation.rediffmail.data.TestDataDriven">
                <![CDATA[org.testng.TestNGException: 
Method public void org.wipro.automation.rediffmail.testcases.LoginScenario_DDF.tc01_vaildate_login_functionality_vaild_credential(java.lang.String,java.lang.String) throws java.lang.Exception requires a @DataProvider named : Login in class org.wipro.automation.rediffmail.data.TestDataDriven
                org.testng.internal.Parameters.findDataProvider(Parameters.java:532)org.testng.internal.Parameters.handleParameters(Parameters.java:769)org.testng.internal.Parameters.handleParameters(Parameters.java:734)org.testng.internal.invokers.ParameterHandler.handleParameters(ParameterHandler.java:72)org.testng.internal.invokers.ParameterHandler.createParameters(ParameterHandler.java:51)org.testng.internal.invokers.TestInvoker$MethodInvocationAgent.invoke(TestInvoker.java:949)org.testng.internal.invokers.TestInvoker.invokeTestMethods(TestInvoker.java:203)org.testng.internal.invokers.TestMethodWorker.invokeTestMethods(TestMethodWorker.java:154)org.testng.internal.invokers.TestMethodWorker.run(TestMethodWorker.java:134)java.base/java.util.ArrayList.forEach(ArrayList.java:1596)org.testng.TestRunner.privateRun(TestRunner.java:741)org.testng.TestRunner.run(TestRunner.java:616)org.testng.SuiteRunner.runTest(SuiteRunner.java:421)org.testng.SuiteRunner.runSequentially(SuiteRunner.java:413)org.testng.SuiteRunner.privateRun(SuiteRunner.java:373)org.testng.SuiteRunner.run(SuiteRunner.java:312)org.testng.SuiteRunnerWorker.runSuite(SuiteRunnerWorker.java:52)org.testng.SuiteRunnerWorker.run(SuiteRunnerWorker.java:95)org.testng.TestNG.runSuitesSequentially(TestNG.java:1274)org.testng.TestNG.runSuitesLocally(TestNG.java:1208)org.testng.TestNG.runSuites(TestNG.java:1112)org.testng.TestNG.run(TestNG.java:1079)org.testng.remote.AbstractRemoteTestNG.run(AbstractRemoteTestNG.java:115)org.testng.remote.RemoteTestNG.initAndRun(RemoteTestNG.java:293)org.testng.remote.RemoteTestNG.main(RemoteTestNG.java:91)
]]>
            </failure>
    </testcase>


</testsuite>
