<?xml version="1.0" encoding="UTF-8"?>
<testsuite name="Default test"
           tests="1"
           failures="1"
           errors="0"
           skipped="0"
           time="30.283">
    <properties></properties>

            <testcase
                name="tc01_vaildate_login_functionality_vaild_credential"
                time="30.283"
                classname="org.wipro.automation.rediffmail.testcases.LoginScenario">

            <failure type="org.openqa.selenium.NoSuchElementException" message="Unable to locate element: .class\=\&quot;signin\-btn\&quot;
For documentation on this error, please visit: https://www.selenium.dev/documentation/webdriver/troubleshooting/errors#nosuchelementexception
Build info: version: &apos;4.44.0&apos;, revision: &apos;da2039b&apos;
System info: os.name: &apos;Mac OS X&apos;, os.arch: &apos;aarch64&apos;, os.version: &apos;26.5.1&apos;, java.version: &apos;21.0.10&apos;
Driver info: org.openqa.selenium.firefox.FirefoxDriver
Command: [c2f0c2d2-013d-4639-a086-85ec6b240eee, findElement {value=class=&quot;signin-btn&quot;, using=class name}]
Capabilities {acceptInsecureCerts: true, browserName: firefox, browserVersion: 152.0.3, moz:accessibilityChecks: false, moz:buildID: 20260624221428, moz:geckodriverVersion: 0.37.0, moz:headless: false, moz:platformVersion: 25.5.0, moz:processID: 40657, moz:profile: /var/folders/20/cm4rr96n2t5..., moz:shutdownTimeout: 60000, moz:webdriverClick: true, moz:windowless: false, pageLoadStrategy: normal, platformName: mac, proxy: Proxy(), setWindowRect: true, strictFileInteractability: false, timeouts: {implicit: 0, pageLoad: 300000, script: 30000}, unhandledPromptBehavior: dismiss and notify, userAgent: Mozilla/5.0 (Macintosh; Int...}
Session ID: c2f0c2d2-013d-4639-a086-85ec6b240eee">
                <![CDATA[org.openqa.selenium.NoSuchElementException: Unable to locate element: .class\=\"signin\-btn\"
For documentation on this error, please visit: https://www.selenium.dev/documentation/webdriver/troubleshooting/errors#nosuchelementexception
Build info: version: '4.44.0', revision: 'da2039b'
System info: os.name: 'Mac OS X', os.arch: 'aarch64', os.version: '26.5.1', java.version: '21.0.10'
Driver info: org.openqa.selenium.firefox.FirefoxDriver
Command: [c2f0c2d2-013d-4639-a086-85ec6b240eee, findElement {value=class="signin-btn", using=class name}]
Capabilities {acceptInsecureCerts: true, browserName: firefox, browserVersion: 152.0.3, moz:accessibilityChecks: false, moz:buildID: 20260624221428, moz:geckodriverVersion: 0.37.0, moz:headless: false, moz:platformVersion: 25.5.0, moz:processID: 40657, moz:profile: /var/folders/20/cm4rr96n2t5..., moz:shutdownTimeout: 60000, moz:webdriverClick: true, moz:windowless: false, pageLoadStrategy: normal, platformName: mac, proxy: Proxy(), setWindowRect: true, strictFileInteractability: false, timeouts: {implicit: 0, pageLoad: 300000, script: 30000}, unhandledPromptBehavior: dismiss and notify, userAgent: Mozilla/5.0 (Macintosh; Int...}
Session ID: c2f0c2d2-013d-4639-a086-85ec6b240eee
                org.openqa.selenium.remote.ErrorCodec.decode(ErrorCodec.java:169)org.openqa.selenium.remote.codec.w3c.W3CHttpResponseCodec.decode(W3CHttpResponseCodec.java:143)org.openqa.selenium.remote.codec.w3c.W3CHttpResponseCodec.decode(W3CHttpResponseCodec.java:50)org.openqa.selenium.remote.HttpCommandExecutor.execute(HttpCommandExecutor.java:224)org.openqa.selenium.remote.service.DriverCommandExecutor.invokeExecute(DriverCommandExecutor.java:217)org.openqa.selenium.remote.service.DriverCommandExecutor.execute(DriverCommandExecutor.java:175)org.openqa.selenium.remote.RemoteWebDriver.execute(RemoteWebDriver.java:600)org.openqa.selenium.remote.ElementLocation$ElementFinder$2.findElement(ElementLocation.java:173)org.openqa.selenium.remote.ElementLocation.findElement(ElementLocation.java:67)org.openqa.selenium.remote.RemoteWebDriver.findElement(RemoteWebDriver.java:421)org.openqa.selenium.remote.RemoteWebDriver.findElement(RemoteWebDriver.java:415)org.openqa.selenium.support.pagefactory.DefaultElementLocator.findElement(DefaultElementLocator.java:69)org.openqa.selenium.support.pagefactory.internal.LocatingElementHandler.invoke(LocatingElementHandler.java:38)jdk.proxy2/jdk.proxy2.$Proxy12.click(Unknown Source)org.wipro.automation.rediffmail.pages.LoginPage_PF.click_loginbttn(LoginPage_PF.java:70)org.wipro.automation.rediffmail.testcases.LoginScenario.tc01_vaildate_login_functionality_vaild_credential(LoginScenario.java:20)java.base/jdk.internal.reflect.DirectMethodHandleAccessor.invoke(DirectMethodHandleAccessor.java:103)java.base/java.lang.reflect.Method.invoke(Method.java:580)org.testng.internal.invokers.MethodInvocationHelper.invokeMethod(MethodInvocationHelper.java:141)org.testng.internal.invokers.TestInvoker.invokeMethod(TestInvoker.java:687)org.testng.internal.invokers.TestInvoker.invokeTestMethod(TestInvoker.java:230)org.testng.internal.invokers.MethodRunner.runInSequence(MethodRunner.java:63)org.testng.internal.invokers.TestInvoker$MethodInvocationAgent.invoke(TestInvoker.java:995)org.testng.internal.invokers.TestInvoker.invokeTestMethods(TestInvoker.java:203)org.testng.internal.invokers.TestMethodWorker.invokeTestMethods(TestMethodWorker.java:154)org.testng.internal.invokers.TestMethodWorker.run(TestMethodWorker.java:134)java.base/java.util.ArrayList.forEach(ArrayList.java:1596)org.testng.TestRunner.privateRun(TestRunner.java:741)org.testng.TestRunner.run(TestRunner.java:616)org.testng.SuiteRunner.runTest(SuiteRunner.java:421)org.testng.SuiteRunner.runSequentially(SuiteRunner.java:413)org.testng.SuiteRunner.privateRun(SuiteRunner.java:373)org.testng.SuiteRunner.run(SuiteRunner.java:312)org.testng.SuiteRunnerWorker.runSuite(SuiteRunnerWorker.java:52)org.testng.SuiteRunnerWorker.run(SuiteRunnerWorker.java:95)org.testng.TestNG.runSuitesSequentially(TestNG.java:1274)org.testng.TestNG.runSuitesLocally(TestNG.java:1208)org.testng.TestNG.runSuites(TestNG.java:1112)org.testng.TestNG.run(TestNG.java:1079)org.testng.remote.AbstractRemoteTestNG.run(AbstractRemoteTestNG.java:115)org.testng.remote.RemoteTestNG.initAndRun(RemoteTestNG.java:293)org.testng.remote.RemoteTestNG.main(RemoteTestNG.java:91)
]]>
            </failure>
    </testcase>


</testsuite>
