<?xml version="1.0" encoding="UTF-8"?>
<!-- Generated by org.testng.reporters.JUnitXMLReporter -->
<testsuite ignored="0" hostname="iMac" failures="1" tests="1" name="Default test" time="0.021" errors="0" timestamp="2026-06-27T14:09:06 EDT">
  <testcase classname="org.wipro.automation.rediffmail.testcases.LoginScenario_DDF" name="tc01_vaildate_login_functionality_vaild_credential" time="0.0">
    <failure type="org.testng.TestNGException" message="
Method public void org.wipro.automation.rediffmail.testcases.LoginScenario_DDF.tc01_vaildate_login_functionality_vaild_credential(java.lang.String,java.lang.String) throws java.lang.Exception requires a @DataProvider named : Login in class org.wipro.automation.rediffmail.data.TestDataDriven">
      <![CDATA[org.testng.TestNGException: 
Method public void org.wipro.automation.rediffmail.testcases.LoginScenario_DDF.tc01_vaildate_login_functionality_vaild_credential(java.lang.String,java.lang.String) throws java.lang.Exception requires a @DataProvider named : Login in class org.wipro.automation.rediffmail.data.TestDataDriven
at org.testng.internal.Parameters.findDataProvider(Parameters.java:532)
at org.testng.internal.Parameters.handleParameters(Parameters.java:769)
at org.testng.internal.Parameters.handleParameters(Parameters.java:734)
at org.testng.internal.invokers.ParameterHandler.handleParameters(ParameterHandler.java:72)
at org.testng.internal.invokers.ParameterHandler.createParameters(ParameterHandler.java:51)
at org.testng.internal.invokers.TestInvoker$MethodInvocationAgent.invoke(TestInvoker.java:949)
at org.testng.internal.invokers.TestInvoker.invokeTestMethods(TestInvoker.java:203)
at org.testng.internal.invokers.TestMethodWorker.invokeTestMethods(TestMethodWorker.java:154)
at org.testng.internal.invokers.TestMethodWorker.run(TestMethodWorker.java:134)
at java.base/java.util.ArrayList.forEach(ArrayList.java:1596)
at org.testng.TestRunner.privateRun(TestRunner.java:741)
at org.testng.TestRunner.run(TestRunner.java:616)
at org.testng.SuiteRunner.runTest(SuiteRunner.java:421)
at org.testng.SuiteRunner.runSequentially(SuiteRunner.java:413)
at org.testng.SuiteRunner.privateRun(SuiteRunner.java:373)
at org.testng.SuiteRunner.run(SuiteRunner.java:312)
at org.testng.SuiteRunnerWorker.runSuite(SuiteRunnerWorker.java:52)
at org.testng.SuiteRunnerWorker.run(SuiteRunnerWorker.java:95)
at org.testng.TestNG.runSuitesSequentially(TestNG.java:1274)
at org.testng.TestNG.runSuitesLocally(TestNG.java:1208)
at org.testng.TestNG.runSuites(TestNG.java:1112)
at org.testng.TestNG.run(TestNG.java:1079)
at org.testng.remote.AbstractRemoteTestNG.run(AbstractRemoteTestNG.java:115)
at org.testng.remote.RemoteTestNG.initAndRun(RemoteTestNG.java:293)
at org.testng.remote.RemoteTestNG.main(RemoteTestNG.java:91)
]]>
    </failure>
  </testcase> <!-- tc01_vaildate_login_functionality_vaild_credential -->
</testsuite> <!-- Default test -->
