<?xml version="1.0" encoding="UTF-8"?>
<!-- Generated by org.testng.reporters.JUnitXMLReporter -->
<testsuite ignored="0" hostname="iMac" failures="1" tests="1" name="Test" time="23.373" errors="0" timestamp="2026-06-25T18:47:38 EDT">
  <testcase classname="org.wipro.automation.rediffmail.testcases.LoginScenario" name="tc01_vaildate_login_functionality_vaild_credential" time="0.007">
    <failure type="java.lang.Error" message="Unresolved compilation problem: 
	The constructor LoginPage() is undefined
">
      <![CDATA[java.lang.Error: Unresolved compilation problem: 
The constructor LoginPage() is undefined

at org.wipro.automation.rediffmail.testcases.LoginScenario.tc01_vaildate_login_functionality_vaild_credential(LoginScenario.java:14)
at java.base/java.util.ArrayList.forEach(ArrayList.java:1596)
... Removed 25 stack frames]]>
    </failure>
  </testcase> <!-- tc01_vaildate_login_functionality_vaild_credential -->
</testsuite> <!-- Test -->
